
2022-12-26 20:47:04.003743
Lowest AIC for: x -94.09486826529209
Found using: ['x']
2.6645352591003757e-15[1.]
MSE :3.944304526105059e-31
AIC: -94.09486826529209
Number of interactions: 10
2022-12-26 20:47:04.118927
Lowest AIC for: x -94.09486826529209
Found using: ['x', 'o']
3.552713678800501e-15[ 1.00000000e+00 -1.01696978e-19]
MSE :3.944304526105059e-31
AIC: -92.09486826529209
Number of interactions: 11
2022-12-26 20:47:04.233700
Lowest AIC for: x -94.09486826529209
Found using: ['o', 'x2']
2.0281535906201684[-1.97213708e-05  8.82225714e-02]
MSE :0.6817185949933354
AIC: 5.233723352799107
Number of interactions: 12
2022-12-26 20:47:04.345478
Lowest AIC for: x -94.09486826529209
Found using: ['x2', 'x3']
1.1909778427969737[ 0.19682392 -0.01101384]
MSE :0.040391195008101954
AIC: -0.4182869262251634
Number of interactions: 13
2022-12-26 20:47:04.458321
Lowest AIC for: x -94.09486826529209
Found using: ['x3', 'z']
0.6710692667722595[1.62359900e-05 3.99200662e-01]
MSE :6.257155562994177e-06
AIC: -17.96356971804748
Number of interactions: 14
2022-12-26 20:47:04.570118
Lowest AIC for: x -94.09486826529209
Found using: ['z']
2.6645352591003757e-15[1.]
MSE :3.944304526105059e-31
AIC: -94.09486826529209
Number of interactions: 15
2022-12-26 20:47:04.683056
Lowest AIC for: x -94.09486826529209
Found using: ['z']
3.552713678800501e-15[ 1.00000000e+00 -1.01696978e-19]
MSE :3.944304526105059e-31
AIC: -92.09486826529209
Number of interactions: 16
2022-12-26 20:47:04.797682
Lowest AIC for: x -94.09486826529209
Found using: ['z']
0.6902179645165232[-3.96656993e-06  3.99281937e-01]
MSE :0.00012938294693603915
AIC: -11.905467940477084
Number of interactions: 17
2022-12-26 20:47:04.912312
Lowest AIC for: x -94.09486826529209
Found using: ['z']
0.671069266772264[3.99200662e-01 1.62359900e-05]
MSE :6.257155562983361e-06
AIC: -17.963569718050937
Number of interactions: 18