
2022-12-26 20:47:05.024974
Lowest AIC for: x -94.09486826529209
Found using: ['z']
1.1909778427969755[-0.01101384  0.19682392]
MSE :0.040391195008101816
AIC: -0.4182869262251696
Number of interactions: 19
2022-12-26 20:47:05.144154
Lowest AIC for: x -94.09486826529209
Found using: ['z']
6.256140602622474[-0.00013917]
MSE :0.8485292533520042
AIC: 3.6714985632941017
Number of interactions: 20
2022-12-26 20:47:05.309514
Lowest AIC for: x -94.09486826529209
Found using: ['z']
1.9307453416149065[0.08881988]
MSE :0.740159426719649
AIC: 3.398220651049855
Number of interactions: 21
2022-12-26 20:47:05.421587
Lowest AIC for: x -94.09486826529209
Found using: ['z']
1.1909778427969737[ 0.19682392 -0.01101384]
MSE :0.040391195008101954
AIC: -0.4182869262251634
Number of interactions: 22
2022-12-26 20:47:05.534382
Lowest AIC for: x -94.09486826529209
Found using: ['z']
0.6710692667722595[1.62359900e-05 3.99200662e-01]
MSE :6.257155562994177e-06
AIC: -17.96356971804748
Number of interactions: 23
2022-12-26 20:47:05.645277
Lowest AIC for: x -94.09486826529209
Found using: ['z']
-1.7763568394002505e-15[7.57754511e-17 1.00000000e+00]
MSE :3.944304526105059e-31
AIC: -92.09486826529209
Number of interactions: 24