
2022-12-26 20:47:03.091188
Lowest AIC for: x -92.09486826686981
Found using: ['x', 'x2']
1.7763568394002505e-15[ 1.00000000e+00 -6.17382234e-18]
MSE :0.0
AIC: -92.09486826686981
Number of interactions: 2
2022-12-26 20:47:03.202039
Lowest AIC for: x -92.09486826686981
Found using: ['x2', 'x3']
1.1909778427969737[ 0.19682392 -0.01101384]
MSE :0.040391195008101954
AIC: -0.4182869262251634
Number of interactions: 3
2022-12-26 20:47:03.315554
Lowest AIC for: x -92.09486826686981
Found using: ['x3', 'o']
2.8151543688355614[ 8.48091076e-03 -1.96974691e-05]
MSE :1.6665502419778666
AIC: 7.0215115330255
Number of interactions: 4
2022-12-26 20:47:03.427003
Lowest AIC for: x -92.09486826686981
Found using: ['o']
2.721220112406929[0.00854381]
MSE :1.7602224167029328
AIC: 5.130880348384632
Number of interactions: 5
2022-12-26 20:47:03.541538
Lowest AIC for: x -92.09486826686981
Found using: ['o']
0.6710692667722595[1.62359900e-05 3.99200662e-01]
MSE :6.257155562994177e-06
AIC: -17.96356971804748
Number of interactions: 6
2022-12-26 20:47:03.653522
Lowest AIC for: x -92.09486826686981
Found using: ['o']
0.6902179645165267[ 3.99281937e-01 -3.96656993e-06]
MSE :0.00012938294693605316
AIC: -11.905467940476868
Number of interactions: 7
2022-12-26 20:47:03.766204
Lowest AIC for: x -92.09486826686981
Found using: ['o']
-3.552713678800501e-15[9.14432556e-21 1.00000000e+00]
MSE :0.0
AIC: -92.09486826686981
Number of interactions: 8
2022-12-26 20:47:03.878537
Lowest AIC for: x -92.09486826686981
Found using: ['o']
1.7763568394002505e-15[ 1.00000000e+00 -6.17382234e-18]
MSE :0.0
AIC: -92.09486826686981
Number of interactions: 9